

Version:	3.50
CmdLine:	C:\Users\DELL\eclipse-workspace\MetricApp\MetricApp.exe --l4j-debug
JNI:		No
WOW64:		Yes
Working dir:	C:\Users\DELL\eclipse-workspace\MetricApp\.
Requires JDK:	No
Requires 64-Bit: No
Java min ver:	
Java max ver:	
Substitute:	JAVA_HOME = C:\Users\DELL\AppData\Local\Programs\Eclipse Adoptium\jdk-17.0.8.101-hotspot\
Substitute:	PATH = C:\Program Files\Common Files\Oracle\Java\javapath;C:\Program Files (x86)\Common Files\Oracle\Java\javapath;C:\Windows\system32;C:\Windows;C:\Windows\System32\Wbem;C:\Windows\System32\WindowsPowerShell\v1.0\;C:\Windows\System32\OpenSSH\;C:\Program Files\dotnet\;C:\Program Files\Git\cmd;C:\Users\DELL\Downloads\apache-maven-3.9.5-bin\apache-maven-3.9.5\bin;C:\Program Files\PowerShell\7\;C:\Users\DELL\AppData\Local\Programs\Eclipse Adoptium\jdk-17.0.8.101-hotspot\bin;C:\Users\DELL\AppData\Local\Microsoft\WindowsApps;C:\Users\DELL\.dotnet\tools;C:\Users\DELL\AppData\Local\Programs\Microsoft VS Code\bin;C:\Program Files\JetBrains\IntelliJ IDEA 2023.2.4\bin;C:\Users\DELL\AppData\Local\Programs\MiKTeX\miktex\bin\x64\;C:\Users\DELL\AppData\Local\Programs\Eclipse Adoptium\jdk-17.0.8.101-hotspot\\bin
JRE paths:	C:\Users\DELL\AppData\Local\Programs\Eclipse Adoptium\jdk-17.0.8.101-hotspot\;C:\Program Files\Common Files\Oracle\Java\javapath;C:\Program Files (x86)\Common Files\Oracle\Java\javapath;C:\Windows\system32;C:\Windows;C:\Windows\System32\Wbem;C:\Windows\System32\WindowsPowerShell\v1.0\;C:\Windows\System32\OpenSSH\;C:\Program Files\dotnet\;C:\Program Files\Git\cmd;C:\Users\DELL\Downloads\apache-maven-3.9.5-bin\apache-maven-3.9.5\bin;C:\Program Files\PowerShell\7\;C:\Users\DELL\AppData\Local\Programs\Eclipse Adoptium\jdk-17.0.8.101-hotspot\bin;C:\Users\DELL\AppData\Local\Microsoft\WindowsApps;C:\Users\DELL\.dotnet\tools;C:\Users\DELL\AppData\Local\Programs\Microsoft VS Code\bin;C:\Program Files\JetBrains\IntelliJ IDEA 2023.2.4\bin;C:\Users\DELL\AppData\Local\Programs\MiKTeX\miktex\bin\x64\;C:\Users\DELL\AppData\Local\Programs\Eclipse Adoptium\jdk-17.0.8.101-hotspot\\bin
Check launcher:	C:\Users\DELL\AppData\Local\Programs\Eclipse Adoptium\jdk-17.0.8.101-hotspot\bin\javaw.exe (OK)
Warning:	formatJavaVersion() too many parts added.
Version string: 1.017.000_008 / 64-Bit (OK)
Launcher:	C:\Users\DELL\AppData\Local\Programs\Eclipse Adoptium\jdk-17.0.8.101-hotspot\bin\javaw.exe
Launcher args:	--module-path "C:\Users\DELL\Downloads\openjfx-21.0.1_windows-x64_bin-sdk\javafx-sdk-21.0.1\lib" --add-modules javafx.controls,javafx.graphics,javafx.fxml -jar "C:\Users\DELL\eclipse-workspace\MetricApp\MetricApp.exe"
Args length:	217/32768 chars
Exit code:	0


Version:	3.50
CmdLine:	C:\Users\DELL\eclipse-workspace\MetricApp\MetricApp.exe --l4j-debug
JNI:		No
WOW64:		Yes
Working dir:	C:\Users\DELL\eclipse-workspace\MetricApp\.
Requires JDK:	No
Requires 64-Bit: No
Java min ver:	1.007.000
Java max ver:	1.009.000
JRE paths:	C:\Program Files (x86)\Java\jre-1.8
Check launcher:	C:\Program Files (x86)\Java\jre-1.8\bin\javaw.exe (OK)
Version string: 1.008.000_401 / 32-Bit (OK)
Launcher:	C:\Program Files (x86)\Java\jre-1.8\bin\javaw.exe
Launcher args:	--module-path "C:\Users\DELL\Downloads\openjfx-21.0.1_windows-x64_bin-sdk\javafx-sdk-21.0.1\lib" --add-modules javafx.controls,javafx.graphics,javafx.fxml -jar "C:\Users\DELL\eclipse-workspace\MetricApp\MetricApp.exe"
Args length:	217/32768 chars
Exit code:	0


Version:	3.50
CmdLine:	C:\Users\DELL\eclipse-workspace\MetricApp\MetricApp.exe --l4j-debug
JNI:		No
WOW64:		Yes
Working dir:	C:\Users\DELL\eclipse-workspace\MetricApp\.
Requires JDK:	No
Requires 64-Bit: No
Java min ver:	1.007.000
Java max ver:	1.009.000
JRE paths:	C:\Program Files (x86)\Java\jre-1.8
Check launcher:	C:\Program Files (x86)\Java\jre-1.8\bin\javaw.exe (OK)
Version string: 1.008.000_401 / 32-Bit (OK)
Launcher:	C:\Program Files (x86)\Java\jre-1.8\bin\javaw.exe
Launcher args:	--module-path "C:\Users\DELL\Downloads\openjfx-21.0.1_windows-x64_bin-sdk\javafx-sdk-21.0.1\lib" --add-modules javafx.controls,javafx.graphics,javafx.fxml -jar "C:\Users\DELL\eclipse-workspace\MetricApp\MetricApp.exe"
Args length:	217/32768 chars
Exit code:	0
